<?xml version="1.0" encoding="UTF-8"?>
<testsuite name="examples.features.login.LoginRunner" tests="3" skipped="0" failures="0" errors="0" timestamp="2025-05-10T21:58:52" hostname="DESKTOP-PK8219C" time="1.207">
  <properties/>
  <testcase name="[1:11] Login de un Cliente exitosamente con credenciales correctas" classname="examples.features.login.LoginRunner" time="0.324"/>
  <testcase name="[2:23] Intentar login de un Cliente con Username que no existe" classname="examples.features.login.LoginRunner" time="0.26"/>
  <testcase name="[3:37] Intentar login de un Cliente con Contraseña incorrecta" classname="examples.features.login.LoginRunner" time="0.62"/>
  <system-out><![CDATA[16:58:52.427 [Test worker] DEBUG com.intuit.karate.Suite - [config] classpath:karate-config.js
16:58:52.459 [Test worker] INFO  com.intuit.karate - karate.env system property was: null 
16:58:52.469 [Test worker] INFO  com.intuit.karate - [print] Dominio de Demo Blaze  https://api.demoblaze.com 
16:58:52.473 [Test worker] DEBUG com.intuit.karate - request:
1 > POST https://api.demoblaze.com/login
1 > Content-Type: application/json; charset=UTF-8
1 > Content-Length: 51
1 > Host: api.demoblaze.com
1 > Connection: Keep-Alive
1 > User-Agent: Apache-HttpClient/4.5.14 (Java/17.0.10)
1 > Accept-Encoding: gzip,deflate
{"username":"david3505Sokfa","password":"MTIzNDU="}

16:58:52.767 [Test worker] DEBUG com.intuit.karate - response time in milliseconds: 292
1 < 200
1 < content-type: application/json
1 < vary: Accept-Encoding
1 < x-cloud-trace-context: e30ec9142af6e25957d5399391e95908
1 < date: Sat, 10 May 2025 21:58:49 GMT
1 < server: Google Frontend
1 < Transfer-Encoding: chunked
"Auth_token: ZGF2aWQzNTA1U29rZmExNzQ3NTE0"


16:58:52.780 [Test worker] INFO  com.intuit.karate - karate.env system property was: null 
16:58:52.784 [Test worker] INFO  com.intuit.karate - [print] Dominio de Demo Blaze  https://api.demoblaze.com 
16:58:52.787 [Test worker] DEBUG com.intuit.karate - request:
1 > POST https://api.demoblaze.com/login
1 > Content-Type: application/json; charset=UTF-8
1 > Content-Length: 63
1 > Host: api.demoblaze.com
1 > Connection: Keep-Alive
1 > User-Agent: Apache-HttpClient/4.5.14 (Java/17.0.10)
1 > Accept-Encoding: gzip,deflate
{"username":"Panecillo3505SokfaInexistente","password":"12345"}

16:58:53.030 [Test worker] DEBUG com.intuit.karate - response time in milliseconds: 243
1 < 200
1 < content-type: application/json
1 < vary: Accept-Encoding
1 < x-cloud-trace-context: 798f206d01081ce162e3cf0e37a9b7f5
1 < date: Sat, 10 May 2025 21:58:50 GMT
1 < server: Google Frontend
1 < Transfer-Encoding: chunked
{"errorMessage":"User does not exist."}


16:58:53.041 [Test worker] INFO  com.intuit.karate - karate.env system property was: null 
16:58:53.045 [Test worker] INFO  com.intuit.karate - [print] Dominio de Demo Blaze  https://api.demoblaze.com 
16:58:53.047 [Test worker] DEBUG com.intuit.karate - request:
1 > POST https://api.demoblaze.com/login
1 > Content-Type: application/json; charset=UTF-8
1 > Content-Length: 48
1 > Host: api.demoblaze.com
1 > Connection: Keep-Alive
1 > User-Agent: Apache-HttpClient/4.5.14 (Java/17.0.10)
1 > Accept-Encoding: gzip,deflate
{"username":"david3505Sokfa","password":"56789"}

16:58:53.336 [Test worker] DEBUG com.intuit.karate - response time in milliseconds: 287
1 < 200
1 < Content-Type: application/json
1 < Vary: Accept-Encoding
1 < X-Cloud-Trace-Context: 107ff50f3776b2618d42f17c83d1716e
1 < Date: Sat, 10 May 2025 21:58:50 GMT
1 < Server: Google Frontend
1 < Transfer-Encoding: chunked
{"errorMessage":"Wrong password."}


---------------------------------------------------------
feature: classpath:examples/features/login/login.feature
scenarios:  3 | passed:  3 | failed:  0 | time: 0,8637
---------------------------------------------------------

Karate version: 1.5.1
======================================================
elapsed:   1,15 | threads:    1 | thread time: 0,86 
features:     1 | skipped:    0 | efficiency: 0,75
scenarios:    3 | passed:     3 | failed: 0
======================================================

HTML report: (paste into browser to view) | Karate version: 1.5.1
file:///F:/Documentos/Karate/KarateDemoBlaze/build/karate-reports/karate-summary.html
===================================================================

]]></system-out>
  <system-err><![CDATA[]]></system-err>
</testsuite>
